// 重构日志: f7bf2997
// 重构日志: 9d647454
// 重构日志: 81d98ec3
// 同步 ID: 508ea91b @ Fri Jun 19 13:19:18 UTC 2026
// 重构日志: 40b4d943
// 重构日志: 07129657
// 同步 ID: 7fef1e94 @ Thu Jun 25 18:49:26 UTC 2026
// 同步 ID: 8e009632 @ Fri Jun 26 18:30:00 UTC 2026
// 重构日志: 1446e805
// 同步 ID: b5fa12d3 @ Tue Jun 30 12:29:31 UTC 2026
// 重构日志: 723d9010
// 同步 ID: a5323b2d @ Fri Jul  3 08:27:40 UTC 2026
// 同步 ID: db60ad0b @ Sat Jul  4 15:34:09 UTC 2026
// 重构日志: 16783cda
// 重构日志: 3c584dcc
// 同步 ID: 53035ea5 @ Sun Jul  5 16:44:45 UTC 2026
// 重构日志: 4aaf8121
// 同步 ID: 8ef378e6 @ Mon Jul  6 09:58:36 UTC 2026
// 同步 ID: eb2e993a @ Mon Jul  6 16:31:01 UTC 2026
// 同步 ID: 83871de7 @ Tue Jul  7 01:00:34 UTC 2026
// 重构日志: 36c33a76
// 同步 ID: a2662df2 @ Wed Jul  8 15:00:47 UTC 2026
// 重构日志: d16180cf
// 重构日志: e79d1e0b
